{"F:\\for practical work\\microverse\\projects\\to-do-list\\toDoList testing\\project 1 mine\\toDoList\\src\\modules\\events\\events.js": {"path":"F:\\for practical work\\microverse\\projects\\to-do-list\\toDoList testing\\project 1 mine\\toDoList\\src\\modules\\events\\events.js","statementMap":{"0":{"start":{"line":4,"column":23},"end":{"line":17,"column":1}},"1":{"start":{"line":5,"column":16},"end":{"line":5,"column":47}},"2":{"start":{"line":6,"column":13},"end":{"line":6,"column":44}},"3":{"start":{"line":7,"column":2},"end":{"line":9,"column":3}},"4":{"start":{"line":8,"column":4},"end":{"line":8,"column":24}},"5":{"start":{"line":10,"column":2},"end":{"line":15,"column":3}},"6":{"start":{"line":11,"column":4},"end":{"line":11,"column":30}},"7":{"start":{"line":12,"column":4},"end":{"line":12,"column":30}},"8":{"start":{"line":13,"column":4},"end":{"line":13,"column":23}},"9":{"start":{"line":14,"column":4},"end":{"line":14,"column":18}},"10":{"start":{"line":16,"column":2},"end":{"line":16,"column":19}},"11":{"start":{"line":19,"column":29},"end":{"line":30,"column":1}},"12":{"start":{"line":20,"column":18},"end":{"line":20,"column":86}},"13":{"start":{"line":21,"column":22},"end":{"line":21,"column":60}},"14":{"start":{"line":22,"column":16},"end":{"line":22,"column":61}},"15":{"start":{"line":23,"column":2},"end":{"line":23,"column":55}},"16":{"start":{"line":24,"column":2},"end":{"line":24,"column":68}},"17":{"start":{"line":25,"column":16},"end":{"line":25,"column":26}},"18":{"start":{"line":26,"column":2},"end":{"line":26,"column":35}},"19":{"start":{"line":27,"column":2},"end":{"line":27,"column":62}},"20":{"start":{"line":28,"column":2},"end":{"line":28,"column":36}},"21":{"start":{"line":29,"column":2},"end":{"line":29,"column":42}},"22":{"start":{"line":32,"column":24},"end":{"line":51,"column":1}},"23":{"start":{"line":33,"column":15},"end":{"line":33,"column":49}},"24":{"start":{"line":34,"column":2},"end":{"line":34,"column":56}},"25":{"start":{"line":35,"column":2},"end":{"line":35,"column":48}},"26":{"start":{"line":36,"column":2},"end":{"line":50,"column":3}},"27":{"start":{"line":37,"column":4},"end":{"line":37,"column":36}},"28":{"start":{"line":38,"column":4},"end":{"line":38,"column":38}},"29":{"start":{"line":40,"column":18},"end":{"line":40,"column":62}},"30":{"start":{"line":41,"column":28},"end":{"line":41,"column":33}},"31":{"start":{"line":42,"column":18},"end":{"line":42,"column":48}},"32":{"start":{"line":43,"column":4},"end":{"line":43,"column":39}},"33":{"start":{"line":44,"column":4},"end":{"line":44,"column":37}},"34":{"start":{"line":45,"column":4},"end":{"line":45,"column":27}},"35":{"start":{"line":46,"column":4},"end":{"line":48,"column":5}},"36":{"start":{"line":47,"column":6},"end":{"line":47,"column":42}},"37":{"start":{"line":49,"column":4},"end":{"line":49,"column":18}},"38":{"start":{"line":53,"column":27},"end":{"line":68,"column":1}},"39":{"start":{"line":54,"column":15},"end":{"line":54,"column":50}},"40":{"start":{"line":55,"column":2},"end":{"line":58,"column":3}},"41":{"start":{"line":56,"column":4},"end":{"line":56,"column":81}},"42":{"start":{"line":57,"column":4},"end":{"line":57,"column":11}},"43":{"start":{"line":59,"column":2},"end":{"line":67,"column":3}},"44":{"start":{"line":60,"column":4},"end":{"line":60,"column":33}},"45":{"start":{"line":61,"column":4},"end":{"line":61,"column":58}},"46":{"start":{"line":62,"column":4},"end":{"line":62,"column":62}},"47":{"start":{"line":63,"column":4},"end":{"line":63,"column":54}},"48":{"start":{"line":64,"column":25},"end":{"line":64,"column":66}},"49":{"start":{"line":65,"column":18},"end":{"line":65,"column":64}},"50":{"start":{"line":66,"column":4},"end":{"line":66,"column":59}},"51":{"start":{"line":70,"column":31},"end":{"line":78,"column":1}},"52":{"start":{"line":71,"column":25},"end":{"line":71,"column":63}},"53":{"start":{"line":72,"column":2},"end":{"line":72,"column":62}},"54":{"start":{"line":72,"column":47},"end":{"line":72,"column":60}},"55":{"start":{"line":73,"column":2},"end":{"line":73,"column":29}},"56":{"start":{"line":74,"column":2},"end":{"line":77,"column":3}},"57":{"start":{"line":75,"column":15},"end":{"line":75,"column":46}},"58":{"start":{"line":76,"column":4},"end":{"line":76,"column":27}}},"fnMap":{"0":{"name":"(anonymous_0)","decl":{"start":{"line":4,"column":23},"end":{"line":4,"column":24}},"loc":{"start":{"line":4,"column":40},"end":{"line":17,"column":1}},"line":4},"1":{"name":"(anonymous_1)","decl":{"start":{"line":19,"column":29},"end":{"line":19,"column":30}},"loc":{"start":{"line":19,"column":46},"end":{"line":30,"column":1}},"line":19},"2":{"name":"(anonymous_2)","decl":{"start":{"line":32,"column":24},"end":{"line":32,"column":25}},"loc":{"start":{"line":32,"column":41},"end":{"line":51,"column":1}},"line":32},"3":{"name":"(anonymous_3)","decl":{"start":{"line":53,"column":27},"end":{"line":53,"column":28}},"loc":{"start":{"line":53,"column":44},"end":{"line":68,"column":1}},"line":53},"4":{"name":"(anonymous_4)","decl":{"start":{"line":70,"column":31},"end":{"line":70,"column":32}},"loc":{"start":{"line":70,"column":48},"end":{"line":78,"column":1}},"line":70},"5":{"name":"(anonymous_5)","decl":{"start":{"line":72,"column":37},"end":{"line":72,"column":38}},"loc":{"start":{"line":72,"column":47},"end":{"line":72,"column":60}},"line":72}},"branchMap":{"0":{"loc":{"start":{"line":7,"column":2},"end":{"line":9,"column":3}},"type":"if","locations":[{"start":{"line":7,"column":2},"end":{"line":9,"column":3}},{"start":{},"end":{}}],"line":7},"1":{"loc":{"start":{"line":10,"column":2},"end":{"line":15,"column":3}},"type":"if","locations":[{"start":{"line":10,"column":2},"end":{"line":15,"column":3}},{"start":{},"end":{}}],"line":10},"2":{"loc":{"start":{"line":10,"column":6},"end":{"line":10,"column":52}},"type":"binary-expr","locations":[{"start":{"line":10,"column":6},"end":{"line":10,"column":26}},{"start":{"line":10,"column":30},"end":{"line":10,"column":52}}],"line":10},"3":{"loc":{"start":{"line":36,"column":2},"end":{"line":50,"column":3}},"type":"if","locations":[{"start":{"line":36,"column":2},"end":{"line":50,"column":3}},{"start":{"line":39,"column":9},"end":{"line":50,"column":3}}],"line":36},"4":{"loc":{"start":{"line":46,"column":4},"end":{"line":48,"column":5}},"type":"if","locations":[{"start":{"line":46,"column":4},"end":{"line":48,"column":5}},{"start":{},"end":{}}],"line":46},"5":{"loc":{"start":{"line":55,"column":2},"end":{"line":58,"column":3}},"type":"if","locations":[{"start":{"line":55,"column":2},"end":{"line":58,"column":3}},{"start":{},"end":{}}],"line":55},"6":{"loc":{"start":{"line":59,"column":2},"end":{"line":67,"column":3}},"type":"if","locations":[{"start":{"line":59,"column":2},"end":{"line":67,"column":3}},{"start":{},"end":{}}],"line":59},"7":{"loc":{"start":{"line":74,"column":2},"end":{"line":77,"column":3}},"type":"if","locations":[{"start":{"line":74,"column":2},"end":{"line":77,"column":3}},{"start":{},"end":{}}],"line":74}},"s":{"0":1,"1":2,"2":2,"3":2,"4":1,"5":1,"6":0,"7":0,"8":0,"9":0,"10":1,"11":1,"12":0,"13":0,"14":0,"15":0,"16":0,"17":0,"18":0,"19":0,"20":0,"21":0,"22":1,"23":0,"24":0,"25":0,"26":0,"27":0,"28":0,"29":0,"30":0,"31":0,"32":0,"33":0,"34":0,"35":0,"36":0,"37":0,"38":1,"39":0,"40":0,"41":0,"42":0,"43":0,"44":0,"45":0,"46":0,"47":0,"48":0,"49":0,"50":0,"51":1,"52":0,"53":0,"54":0,"55":0,"56":0,"57":0,"58":0},"f":{"0":2,"1":0,"2":0,"3":0,"4":0,"5":0},"b":{"0":[1,1],"1":[0,1],"2":[1,1],"3":[0,0],"4":[0,0],"5":[0,0],"6":[0,0],"7":[0,0]},"_coverageSchema":"1a1c01bbd47fc00a2c39e90264f33305004495a9","hash":"cbee9d9074b21ebcfef135c7aa4ae2722ef9738f"}
,"F:\\for practical work\\microverse\\projects\\to-do-list\\toDoList testing\\project 1 mine\\toDoList\\src\\modules\\functions\\functions.js": {"path":"F:\\for practical work\\microverse\\projects\\to-do-list\\toDoList testing\\project 1 mine\\toDoList\\src\\modules\\functions\\functions.js","statementMap":{"0":{"start":{"line":2,"column":24},"end":{"line":2,"column":60}},"1":{"start":{"line":2,"column":30},"end":{"line":2,"column":60}},"2":{"start":{"line":3,"column":30},"end":{"line":10,"column":1}},"3":{"start":{"line":4,"column":2},"end":{"line":4,"column":52}},"4":{"start":{"line":4,"column":45},"end":{"line":4,"column":52}},"5":{"start":{"line":5,"column":2},"end":{"line":5,"column":37}},"6":{"start":{"line":6,"column":2},"end":{"line":6,"column":35}},"7":{"start":{"line":7,"column":15},"end":{"line":7,"column":31}},"8":{"start":{"line":8,"column":2},"end":{"line":8,"column":60}},"9":{"start":{"line":9,"column":2},"end":{"line":9,"column":52}},"10":{"start":{"line":11,"column":28},"end":{"line":23,"column":1}},"11":{"start":{"line":12,"column":2},"end":{"line":14,"column":3}},"12":{"start":{"line":13,"column":4},"end":{"line":13,"column":11}},"13":{"start":{"line":15,"column":15},"end":{"line":15,"column":25}},"14":{"start":{"line":16,"column":13},"end":{"line":16,"column":44}},"15":{"start":{"line":17,"column":2},"end":{"line":19,"column":3}},"16":{"start":{"line":18,"column":4},"end":{"line":18,"column":27}},"17":{"start":{"line":20,"column":2},"end":{"line":22,"column":5}},"18":{"start":{"line":21,"column":4},"end":{"line":21,"column":28}}},"fnMap":{"0":{"name":"(anonymous_0)","decl":{"start":{"line":2,"column":24},"end":{"line":2,"column":25}},"loc":{"start":{"line":2,"column":30},"end":{"line":2,"column":60}},"line":2},"1":{"name":"(anonymous_1)","decl":{"start":{"line":3,"column":30},"end":{"line":3,"column":31}},"loc":{"start":{"line":3,"column":40},"end":{"line":10,"column":1}},"line":3},"2":{"name":"(anonymous_2)","decl":{"start":{"line":11,"column":28},"end":{"line":11,"column":29}},"loc":{"start":{"line":11,"column":42},"end":{"line":23,"column":1}},"line":11},"3":{"name":"(anonymous_3)","decl":{"start":{"line":20,"column":15},"end":{"line":20,"column":16}},"loc":{"start":{"line":20,"column":25},"end":{"line":22,"column":3}},"line":20}},"branchMap":{"0":{"loc":{"start":{"line":4,"column":2},"end":{"line":4,"column":52}},"type":"if","locations":[{"start":{"line":4,"column":2},"end":{"line":4,"column":52}},{"start":{},"end":{}}],"line":4},"1":{"loc":{"start":{"line":12,"column":2},"end":{"line":14,"column":3}},"type":"if","locations":[{"start":{"line":12,"column":2},"end":{"line":14,"column":3}},{"start":{},"end":{}}],"line":12},"2":{"loc":{"start":{"line":17,"column":2},"end":{"line":19,"column":3}},"type":"if","locations":[{"start":{"line":17,"column":2},"end":{"line":19,"column":3}},{"start":{},"end":{}}],"line":17}},"s":{"0":1,"1":0,"2":1,"3":0,"4":0,"5":0,"6":0,"7":0,"8":0,"9":0,"10":1,"11":0,"12":0,"13":0,"14":0,"15":0,"16":0,"17":0,"18":0},"f":{"0":0,"1":0,"2":0,"3":0},"b":{"0":[0,0],"1":[0,0],"2":[0,0]},"_coverageSchema":"1a1c01bbd47fc00a2c39e90264f33305004495a9","hash":"0e1c03893cc7570eb6d92683443f1a1538888c38"}
,"F:\\for practical work\\microverse\\projects\\to-do-list\\toDoList testing\\project 1 mine\\toDoList\\src\\modules\\toDoList\\toDoList.js": {"path":"F:\\for practical work\\microverse\\projects\\to-do-list\\toDoList testing\\project 1 mine\\toDoList\\src\\modules\\toDoList\\toDoList.js","statementMap":{"0":{"start":{"line":6,"column":4},"end":{"line":6,"column":23}},"1":{"start":{"line":10,"column":26},"end":{"line":10,"column":57}},"2":{"start":{"line":11,"column":18},"end":{"line":11,"column":51}},"3":{"start":{"line":12,"column":15},"end":{"line":12,"column":43}},"4":{"start":{"line":13,"column":4},"end":{"line":13,"column":26}},"5":{"start":{"line":14,"column":21},"end":{"line":14,"column":52}},"6":{"start":{"line":15,"column":4},"end":{"line":15,"column":31}},"7":{"start":{"line":16,"column":4},"end":{"line":16,"column":36}},"8":{"start":{"line":17,"column":4},"end":{"line":17,"column":79}},"9":{"start":{"line":17,"column":51},"end":{"line":17,"column":77}},"10":{"start":{"line":18,"column":17},"end":{"line":18,"column":48}},"11":{"start":{"line":19,"column":4},"end":{"line":19,"column":35}},"12":{"start":{"line":20,"column":4},"end":{"line":20,"column":29}},"13":{"start":{"line":21,"column":4},"end":{"line":21,"column":25}},"14":{"start":{"line":22,"column":4},"end":{"line":22,"column":25}},"15":{"start":{"line":23,"column":4},"end":{"line":23,"column":74}},"16":{"start":{"line":23,"column":48},"end":{"line":23,"column":72}},"17":{"start":{"line":24,"column":26},"end":{"line":24,"column":56}},"18":{"start":{"line":25,"column":4},"end":{"line":25,"column":47}},"19":{"start":{"line":26,"column":17},"end":{"line":26,"column":44}},"20":{"start":{"line":27,"column":4},"end":{"line":27,"column":53}},"21":{"start":{"line":28,"column":4},"end":{"line":28,"column":36}},"22":{"start":{"line":29,"column":4},"end":{"line":29,"column":78}},"23":{"start":{"line":29,"column":55},"end":{"line":29,"column":76}},"24":{"start":{"line":30,"column":4},"end":{"line":30,"column":29}},"25":{"start":{"line":31,"column":4},"end":{"line":31,"column":25}},"26":{"start":{"line":32,"column":4},"end":{"line":32,"column":34}},"27":{"start":{"line":33,"column":4},"end":{"line":33,"column":34}},"28":{"start":{"line":34,"column":4},"end":{"line":34,"column":17}},"29":{"start":{"line":38,"column":18},"end":{"line":38,"column":46}},"30":{"start":{"line":39,"column":4},"end":{"line":39,"column":65}},"31":{"start":{"line":40,"column":4},"end":{"line":40,"column":72}},"32":{"start":{"line":44,"column":18},"end":{"line":44,"column":51}},"33":{"start":{"line":45,"column":23},"end":{"line":45,"column":61}},"34":{"start":{"line":46,"column":4},"end":{"line":46,"column":92}},"35":{"start":{"line":47,"column":4},"end":{"line":47,"column":72}},"36":{"start":{"line":48,"column":4},"end":{"line":50,"column":5}},"37":{"start":{"line":49,"column":6},"end":{"line":49,"column":36}},"38":{"start":{"line":54,"column":4},"end":{"line":54,"column":45}},"39":{"start":{"line":58,"column":4},"end":{"line":58,"column":35}},"40":{"start":{"line":59,"column":4},"end":{"line":61,"column":7}},"41":{"start":{"line":60,"column":6},"end":{"line":60,"column":80}},"42":{"start":{"line":63,"column":4},"end":{"line":63,"column":72}},"43":{"start":{"line":67,"column":4},"end":{"line":67,"column":45}},"44":{"start":{"line":68,"column":4},"end":{"line":68,"column":72}},"45":{"start":{"line":72,"column":4},"end":{"line":72,"column":77}},"46":{"start":{"line":72,"column":51},"end":{"line":72,"column":75}},"47":{"start":{"line":73,"column":4},"end":{"line":75,"column":7}},"48":{"start":{"line":74,"column":6},"end":{"line":74,"column":80}},"49":{"start":{"line":76,"column":4},"end":{"line":76,"column":72}},"50":{"start":{"line":79,"column":17},"end":{"line":79,"column":31}}},"fnMap":{"0":{"name":"(anonymous_0)","decl":{"start":{"line":5,"column":2},"end":{"line":5,"column":3}},"loc":{"start":{"line":5,"column":16},"end":{"line":7,"column":3}},"line":5},"1":{"name":"(anonymous_1)","decl":{"start":{"line":9,"column":2},"end":{"line":9,"column":3}},"loc":{"start":{"line":9,"column":26},"end":{"line":35,"column":3}},"line":9},"2":{"name":"(anonymous_2)","decl":{"start":{"line":17,"column":40},"end":{"line":17,"column":41}},"loc":{"start":{"line":17,"column":51},"end":{"line":17,"column":77}},"line":17},"3":{"name":"(anonymous_3)","decl":{"start":{"line":23,"column":37},"end":{"line":23,"column":38}},"loc":{"start":{"line":23,"column":48},"end":{"line":23,"column":72}},"line":23},"4":{"name":"(anonymous_4)","decl":{"start":{"line":29,"column":44},"end":{"line":29,"column":45}},"loc":{"start":{"line":29,"column":55},"end":{"line":29,"column":76}},"line":29},"5":{"name":"(anonymous_5)","decl":{"start":{"line":37,"column":2},"end":{"line":37,"column":3}},"loc":{"start":{"line":37,"column":23},"end":{"line":41,"column":3}},"line":37},"6":{"name":"(anonymous_6)","decl":{"start":{"line":43,"column":2},"end":{"line":43,"column":3}},"loc":{"start":{"line":43,"column":17},"end":{"line":51,"column":3}},"line":43},"7":{"name":"(anonymous_7)","decl":{"start":{"line":53,"column":2},"end":{"line":53,"column":3}},"loc":{"start":{"line":53,"column":31},"end":{"line":55,"column":3}},"line":53},"8":{"name":"(anonymous_8)","decl":{"start":{"line":57,"column":2},"end":{"line":57,"column":3}},"loc":{"start":{"line":57,"column":20},"end":{"line":64,"column":3}},"line":57},"9":{"name":"(anonymous_9)","decl":{"start":{"line":59,"column":38},"end":{"line":59,"column":39}},"loc":{"start":{"line":60,"column":6},"end":{"line":60,"column":80}},"line":60},"10":{"name":"(anonymous_10)","decl":{"start":{"line":66,"column":2},"end":{"line":66,"column":3}},"loc":{"start":{"line":66,"column":39},"end":{"line":69,"column":3}},"line":66},"11":{"name":"(anonymous_11)","decl":{"start":{"line":71,"column":2},"end":{"line":71,"column":3}},"loc":{"start":{"line":71,"column":24},"end":{"line":77,"column":3}},"line":71},"12":{"name":"(anonymous_12)","decl":{"start":{"line":72,"column":41},"end":{"line":72,"column":42}},"loc":{"start":{"line":72,"column":51},"end":{"line":72,"column":75}},"line":72},"13":{"name":"(anonymous_13)","decl":{"start":{"line":73,"column":38},"end":{"line":73,"column":39}},"loc":{"start":{"line":74,"column":6},"end":{"line":74,"column":80}},"line":74}},"branchMap":{"0":{"loc":{"start":{"line":48,"column":4},"end":{"line":50,"column":5}},"type":"if","locations":[{"start":{"line":48,"column":4},"end":{"line":50,"column":5}},{"start":{},"end":{}}],"line":48}},"s":{"0":1,"1":0,"2":0,"3":0,"4":0,"5":0,"6":0,"7":0,"8":0,"9":0,"10":0,"11":0,"12":0,"13":0,"14":0,"15":0,"16":0,"17":0,"18":0,"19":0,"20":0,"21":0,"22":0,"23":0,"24":0,"25":0,"26":0,"27":0,"28":0,"29":0,"30":0,"31":0,"32":0,"33":0,"34":0,"35":0,"36":0,"37":0,"38":0,"39":0,"40":0,"41":0,"42":0,"43":0,"44":0,"45":0,"46":0,"47":0,"48":0,"49":0,"50":1},"f":{"0":1,"1":0,"2":0,"3":0,"4":0,"5":0,"6":0,"7":0,"8":0,"9":0,"10":0,"11":0,"12":0,"13":0},"b":{"0":[0,0]},"_coverageSchema":"1a1c01bbd47fc00a2c39e90264f33305004495a9","hash":"a0b4e63f966a56c0359c19099f519ae7f3ef046d"}
}
